2020/03/11 13:04:42 [error] [exception.Error] Error: Class 'RytoEX\OBS\LogAnalyzer\Log\Generic' not found in /home/renziito/www/obs/protected/controllers/SiteController.php:34
Stack trace:
#0 /home/renziito/www/obs/vendor/yiisoft/yii/framework/web/actions/CInlineAction.php(49): SiteController->actionIndex()
#1 /home/renziito/www/obs/vendor/yiisoft/yii/framework/web/CController.php(308): CInlineAction->runWithParams(Array)
#2 /home/renziito/www/obs/vendor/yiisoft/yii/framework/web/CController.php(286): CController->runAction(Object(CInlineAction))
#3 /home/renziito/www/obs/vendor/yiisoft/yii/framework/web/CController.php(265): CController->runActionWithFilters(Object(CInlineAction), Array)
#4 /home/renziito/www/obs/vendor/yiisoft/yii/framework/web/CWebApplication.php(282): CController->run('')
#5 /home/renziito/www/obs/vendor/yiisoft/yii/framework/web/CWebApplication.php(141): CWebApplication->runController('')
#6 /home/renziito/www/obs/vendor/yiisoft/yii/framework/base/CApplication.php(185): CWebApplication->processRequest()
#7 /home/renziito/www/obs/index.php(13): CApplication->run()
#8 {main}
REQUEST_URI=/obs/
---
2020/03/11 13:05:12 [error] [exception.Error] Error: Class 'RytoEX\OBS\LogAnalyzer\Log\Generic' not found in /home/renziito/www/obs/protected/controllers/SiteController.php:36
Stack trace:
#0 /home/renziito/www/obs/vendor/yiisoft/yii/framework/web/actions/CInlineAction.php(49): SiteController->actionIndex()
#1 /home/renziito/www/obs/vendor/yiisoft/yii/framework/web/CController.php(308): CInlineAction->runWithParams(Array)
#2 /home/renziito/www/obs/vendor/yiisoft/yii/framework/web/CController.php(286): CController->runAction(Object(CInlineAction))
#3 /home/renziito/www/obs/vendor/yiisoft/yii/framework/web/CController.php(265): CController->runActionWithFilters(Object(CInlineAction), Array)
#4 /home/renziito/www/obs/vendor/yiisoft/yii/framework/web/CWebApplication.php(282): CController->run('')
#5 /home/renziito/www/obs/vendor/yiisoft/yii/framework/web/CWebApplication.php(141): CWebApplication->runController('')
#6 /home/renziito/www/obs/vendor/yiisoft/yii/framework/base/CApplication.php(185): CWebApplication->processRequest()
#7 /home/renziito/www/obs/index.php(13): CApplication->run()
#8 {main}
REQUEST_URI=/obs/
---
2020/03/11 13:16:34 [error] [php] Object of class RytoEX\OBS\LogAnalyzer\Log\OBSStudioLog could not be converted to string (/home/renziito/www/obs/protected/controllers/SiteController.php:25)
Stack trace:
#0 /home/renziito/www/obs/vendor/yiisoft/yii/framework/web/CController.php(286): SiteController->runAction()
#1 /home/renziito/www/obs/vendor/yiisoft/yii/framework/web/CController.php(265): SiteController->runActionWithFilters()
#2 /home/renziito/www/obs/vendor/yiisoft/yii/framework/web/CWebApplication.php(282): SiteController->run()
#3 /home/renziito/www/obs/vendor/yiisoft/yii/framework/web/CWebApplication.php(141): CWebApplication->runController()
#4 /home/renziito/www/obs/vendor/yiisoft/yii/framework/base/CApplication.php(185): CWebApplication->processRequest()
#5 /home/renziito/www/obs/index.php(17): CWebApplication->run()
REQUEST_URI=/obs/
in /home/renziito/www/obs/protected/controllers/SiteController.php (25)
in /home/renziito/www/obs/index.php (17)
2020/03/11 13:29:30 [error] [exception.CHttpException.400] CHttpException: Your request is invalid. in /home/renziito/www/obs/vendor/yiisoft/yii/framework/web/CController.php:337
Stack trace:
#0 /home/renziito/www/obs/vendor/yiisoft/yii/framework/web/CController.php(309): CController->invalidActionParams(Object(CInlineAction))
#1 /home/renziito/www/obs/vendor/yiisoft/yii/framework/web/CController.php(286): CController->runAction(Object(CInlineAction))
#2 /home/renziito/www/obs/vendor/yiisoft/yii/framework/web/CController.php(265): CController->runActionWithFilters(Object(CInlineAction), Array)
#3 /home/renziito/www/obs/vendor/yiisoft/yii/framework/web/CWebApplication.php(282): CController->run('')
#4 /home/renziito/www/obs/vendor/yiisoft/yii/framework/web/CWebApplication.php(141): CWebApplication->runController('')
#5 /home/renziito/www/obs/vendor/yiisoft/yii/framework/base/CApplication.php(185): CWebApplication->processRequest()
#6 /home/renziito/www/obs/index.php(17): CApplication->run()
#7 {main}
REQUEST_URI=/obs/
---
2020/03/11 13:31:21 [error] [exception.CHttpException.400] CHttpException: Your request is invalid. in /home/renziito/www/obs/vendor/yiisoft/yii/framework/web/CController.php:337
Stack trace:
#0 /home/renziito/www/obs/vendor/yiisoft/yii/framework/web/CController.php(309): CController->invalidActionParams(Object(CInlineAction))
#1 /home/renziito/www/obs/vendor/yiisoft/yii/framework/web/CController.php(286): CController->runAction(Object(CInlineAction))
#2 /home/renziito/www/obs/vendor/yiisoft/yii/framework/web/CController.php(265): CController->runActionWithFilters(Object(CInlineAction), Array)
#3 /home/renziito/www/obs/vendor/yiisoft/yii/framework/web/CWebApplication.php(282): CController->run('')
#4 /home/renziito/www/obs/vendor/yiisoft/yii/framework/web/CWebApplication.php(141): CWebApplication->runController('site')
#5 /home/renziito/www/obs/vendor/yiisoft/yii/framework/base/CApplication.php(185): CWebApplication->processRequest()
#6 /home/renziito/www/obs/index.php(17): CApplication->run()
#7 {main}
REQUEST_URI=/obs/site
---
2020/03/11 13:58:17 [error] [exception.Error] Error: Cannot use object of type RytoEX\OBS\LogAnalyzer\Log\OBSStudioCrashLog as array in /home/renziito/www/obs/protected/controllers/SiteController.php:14
Stack trace:
#0 [internal function]: SiteController->actionIndex('https://obsproj...')
#1 /home/renziito/www/obs/vendor/yiisoft/yii/framework/web/actions/CAction.php(109): ReflectionMethod->invokeArgs(Object(SiteController), Array)
#2 /home/renziito/www/obs/vendor/yiisoft/yii/framework/web/actions/CInlineAction.php(47): CAction->runWithParamsInternal(Object(SiteController), Object(ReflectionMethod), Array)
#3 /home/renziito/www/obs/vendor/yiisoft/yii/framework/web/CController.php(308): CInlineAction->runWithParams(Array)
#4 /home/renziito/www/obs/vendor/yiisoft/yii/framework/web/CController.php(286): CController->runAction(Object(CInlineAction))
#5 /home/renziito/www/obs/vendor/yiisoft/yii/framework/web/CController.php(265): CController->runActionWithFilters(Object(CInlineAction), Array)
#6 /home/renziito/www/obs/vendor/yiisoft/yii/framework/web/CWebApplication.php(282): CController->run('index')
#7 /home/renziito/www/obs/vendor/yiisoft/yii/framework/web/CWebApplication.php(141): CWebApplication->runController('site/index')
#8 /home/renziito/www/obs/vendor/yiisoft/yii/framework/base/CApplication.php(185): CWebApplication->processRequest()
#9 /home/renziito/www/obs/index.php(17): CApplication->run()
#10 {main}
REQUEST_URI=/obs/site/index?url=https://obsproject.com/logs/KVS7Lds4wsoWjq3r
---
2020/03/11 16:00:31 [error] [php] include(OBSStudioLog.php): failed to open stream: No such file or directory (/home/renziito/www/obs/vendor/yiisoft/yii/framework/YiiBase.php:463)
Stack trace:
#0 /home/renziito/www/obs/protected/controllers/SiteController.php(16): spl_autoload_call()
#1 unknown(0): SiteController->actionIndex()
#2 /home/renziito/www/obs/vendor/yiisoft/yii/framework/web/actions/CAction.php(109): ReflectionMethod->invokeArgs()
#3 /home/renziito/www/obs/vendor/yiisoft/yii/framework/web/actions/CInlineAction.php(47): CInlineAction->runWithParamsInternal()
#4 /home/renziito/www/obs/vendor/yiisoft/yii/framework/web/CController.php(308): CInlineAction->runWithParams()
#5 /home/renziito/www/obs/vendor/yiisoft/yii/framework/web/CController.php(286): SiteController->runAction()
#6 /home/renziito/www/obs/vendor/yiisoft/yii/framework/web/CController.php(265): SiteController->runActionWithFilters()
#7 /home/renziito/www/obs/vendor/yiisoft/yii/framework/web/CWebApplication.php(282): SiteController->run()
#8 /home/renziito/www/obs/vendor/yiisoft/yii/framework/web/CWebApplication.php(141): CWebApplication->runController()
#9 /home/renziito/www/obs/vendor/yiisoft/yii/framework/base/CApplication.php(185): CWebApplication->processRequest()
#10 /home/renziito/www/obs/index.php(17): CWebApplication->run()
REQUEST_URI=/obs/site/index?url=https://obsproject.com/logs/GMvKHo5PF_WfsR4h
in /home/renziito/www/obs/protected/controllers/SiteController.php (16)
in /home/renziito/www/obs/index.php (17)
2020/03/11 16:00:45 [error] [php] include(OBSStudioLog.php): failed to open stream: No such file or directory (/home/renziito/www/obs/vendor/yiisoft/yii/framework/YiiBase.php:463)
Stack trace:
#0 /home/renziito/www/obs/protected/controllers/SiteController.php(16): spl_autoload_call()
#1 unknown(0): SiteController->actionIndex()
#2 /home/renziito/www/obs/vendor/yiisoft/yii/framework/web/actions/CAction.php(109): ReflectionMethod->invokeArgs()
#3 /home/renziito/www/obs/vendor/yiisoft/yii/framework/web/actions/CInlineAction.php(47): CInlineAction->runWithParamsInternal()
#4 /home/renziito/www/obs/vendor/yiisoft/yii/framework/web/CController.php(308): CInlineAction->runWithParams()
#5 /home/renziito/www/obs/vendor/yiisoft/yii/framework/web/CController.php(286): SiteController->runAction()
#6 /home/renziito/www/obs/vendor/yiisoft/yii/framework/web/CController.php(265): SiteController->runActionWithFilters()
#7 /home/renziito/www/obs/vendor/yiisoft/yii/framework/web/CWebApplication.php(282): SiteController->run()
#8 /home/renziito/www/obs/vendor/yiisoft/yii/framework/web/CWebApplication.php(141): CWebApplication->runController()
#9 /home/renziito/www/obs/vendor/yiisoft/yii/framework/base/CApplication.php(185): CWebApplication->processRequest()
#10 /home/renziito/www/obs/index.php(17): CWebApplication->run()
REQUEST_URI=/obs/site/index?url=https://obsproject.com/logs/GMvKHo5PF_WfsR4h
in /home/renziito/www/obs/protected/controllers/SiteController.php (16)
in /home/renziito/www/obs/index.php (17)
2020/03/11 16:00:50 [error] [exception.ParseError] ParseError: syntax error, unexpected '/' in /home/renziito/www/obs/protected/controllers/SiteController.php:16
Stack trace:
#0 /home/renziito/www/obs/vendor/yiisoft/yii/framework/web/CWebApplication.php(276): CWebApplication->createController('index/')
#1 /home/renziito/www/obs/vendor/yiisoft/yii/framework/web/CWebApplication.php(141): CWebApplication->runController('site/index')
#2 /home/renziito/www/obs/vendor/yiisoft/yii/framework/base/CApplication.php(185): CWebApplication->processRequest()
#3 /home/renziito/www/obs/index.php(17): CApplication->run()
#4 {main}
REQUEST_URI=/obs/site/index?url=https://obsproject.com/logs/GMvKHo5PF_WfsR4h
---
